[PREINITIALIZATION][CLIENT][INFO] Current loaders after merging: [[preinit]]
[PREINITIALIZATION][CLIENT][INFO] Loading scripts for loader with names [preinit]
[PREINITIALIZATION][CLIENT][INFO] [preinit | SIDE_CLIENT]: Skipping file {[0:crafttweaker]: 00_removed.zs} as we are currently loading with a different loader
[PREINITIALIZATION][CLIENT][INFO] [preinit | SIDE_CLIENT]: Skipping file {[0:crafttweaker]: 02_durability.zs} as we are currently loading with a different loader
[PREINITIALIZATION][CLIENT][INFO] [preinit | SIDE_CLIENT]: Skipping file {[0:crafttweaker]: 03_JEI.zs} as we are currently loading with a different loader
[PREINITIALIZATION][CLIENT][INFO] [preinit | SIDE_CLIENT]: Skipping file {[0:crafttweaker]: 04_lootTables.zs} as we are currently loading with a different loader
[PREINITIALIZATION][CLIENT][INFO] [preinit | SIDE_CLIENT]: Skipping file {[0:crafttweaker]: 05_seeds.zs} as we are currently loading with a different loader
[PREINITIALIZATION][CLIENT][INFO] [preinit | SIDE_CLIENT]: Skipping file {[0:crafttweaker]: 06_brewing.zs} as we are currently loading with a different loader
[PREINITIALIZATION][CLIENT][INFO] [preinit | SIDE_CLIENT]: Skipping file {[0:crafttweaker]: 07_smelting.zs} as we are currently loading with a different loader
[PREINITIALIZATION][CLIENT][INFO] [preinit | SIDE_CLIENT]: Skipping file {[0:crafttweaker]: bonsaitrees.zs} as we are currently loading with a different loader
[PREINITIALIZATION][CLIENT][INFO] [preinit | SIDE_CLIENT]: Skipping file {[0:crafttweaker]: cookingForBlockheads.zs} as we are currently loading with a different loader
[PREINITIALIZATION][CLIENT][INFO] [preinit | SIDE_CLIENT]: Skipping file {[0:crafttweaker]: efab.zs} as we are currently loading with a different loader
[PREINITIALIZATION][CLIENT][INFO] [preinit | SIDE_CLIENT]: Skipping file {[0:crafttweaker]: extraUtilities.zs} as we are currently loading with a different loader
[PREINITIALIZATION][CLIENT][INFO] [preinit | SIDE_CLIENT]: Skipping file {[0:crafttweaker]: ironChests.zs} as we are currently loading with a different loader
[PREINITIALIZATION][CLIENT][INFO] [preinit | SIDE_CLIENT]: Skipping file {[0:crafttweaker]: minecraft.zs} as we are currently loading with a different loader
[PREINITIALIZATION][CLIENT][INFO] [preinit | SIDE_CLIENT]: Skipping file {[0:crafttweaker]: openBlocks.zs} as we are currently loading with a different loader
[PREINITIALIZATION][CLIENT][INFO] [preinit | SIDE_CLIENT]: Skipping file {[0:crafttweaker]: powerSystems\powerGeneration.zs} as we are currently loading with a different loader
[PREINITIALIZATION][CLIENT][INFO] [preinit | SIDE_CLIENT]: Skipping file {[0:crafttweaker]: powerSystems\powerStorage.zs} as we are currently loading with a different loader
[PREINITIALIZATION][CLIENT][INFO] [preinit | SIDE_CLIENT]: Skipping file {[0:crafttweaker]: powerSystems\powerTransport.zs} as we are currently loading with a different loader
[PREINITIALIZATION][CLIENT][INFO] [preinit | SIDE_CLIENT]: Skipping file {[0:crafttweaker]: recipes.zs} as we are currently loading with a different loader
[PREINITIALIZATION][CLIENT][INFO] [preinit | SIDE_CLIENT]: Skipping file {[0:crafttweaker]: storageDrawers.zs} as we are currently loading with a different loader
[PREINITIALIZATION][CLIENT][INFO] [preinit | SIDE_CLIENT]: Skipping file {[0:crafttweaker]: Tinker.zs} as we are currently loading with a different loader
[PREINITIALIZATION][CLIENT][INFO] [preinit | SIDE_CLIENT]: Skipping file {[0:crafttweaker]: tinkersConstruct.zs} as we are currently loading with a different loader
[PREINITIALIZATION][CLIENT][INFO] Completed script loading in: 3ms
[INITIALIZATION][CLIENT][INFO] CraftTweaker: Building registry
[INITIALIZATION][CLIENT][INFO] CraftTweaker: Successfully built item registry
[INITIALIZATION][CLIENT][INFO] Current loaders after merging: [[preinit], [recipeevent | crafttweaker]]
[INITIALIZATION][CLIENT][INFO] Loading scripts for loader with names [crafttweaker | recipeevent]
[INITIALIZATION][CLIENT][INFO] [crafttweaker | SIDE_CLIENT]: Loading Script: {[0:crafttweaker]: 00_removed.zs}
[INITIALIZATION][CLIENT][ERROR] 00_removed.zs:63: Could not resolve <immersiveengineering : metal_device1 : 3>
[INITIALIZATION][CLIENT][INFO] Initializing 'removed.zs'...
[INITIALIZATION][CLIENT][ERROR] [crafttweaker]: Error executing {[0:crafttweaker]: 00_removed.zs}: null
java.lang.NullPointerException
	at crafttweaker.mods.jei.JEI.removeAndHide(JEI.java:73)
	at 00_removed.__script__(00_removed.zs:63)
	at __ZenMain__.run(00_removed)
	at crafttweaker.runtime.CrTTweaker.loadScript(CrTTweaker.java:225)
	at crafttweaker.runtime.CrTTweaker.loadScript(CrTTweaker.java:105)
	at crafttweaker.mc1120.events.CommonEventHandler.registerRecipes(CommonEventHandler.java:73)
	at net.minecraftforge.fml.common.eventhandler.ASMEventHandler_487_CommonEventHandler_registerRecipes_Register.invoke(.dynamic)
	at net.minecraftforge.fml.common.eventhandler.ASMEventHandler.invoke(ASMEventHandler.java:90)
	at net.minecraftforge.fml.common.eventhandler.EventBus$1.invoke(EventBus.java:144)
	at net.minecraftforge.fml.common.eventhandler.EventBus.post(EventBus.java:182)
	at net.minecraftforge.registries.GameData.fireRegistryEvents(GameData.java:857)
	at net.minecraftforge.common.crafting.CraftingHelper.loadRecipes(CraftingHelper.java:636)
	at net.minecraftforge.fml.common.Loader.initializeMods(Loader.java:747)
	at net.minecraftforge.fml.client.FMLClientHandler.finishMinecraftLoading(FMLClientHandler.java:336)
	at net.minecraft.client.Minecraft.func_71384_a(Minecraft.java:535)
	at net.minecraft.client.Minecraft.func_99999_d(Minecraft.java:378)
	at net.minecraft.client.main.Main.main(SourceFile:123)
	at sun.reflect.NativeMethodAccessorImpl.invoke0(Native Method)
	at sun.reflect.NativeMethodAccessorImpl.invoke(NativeMethodAccessorImpl.java:62)
	at sun.reflect.DelegatingMethodAccessorImpl.invoke(DelegatingMethodAccessorImpl.java:43)
	at java.lang.reflect.Method.invoke(Method.java:497)
	at net.minecraft.launchwrapper.Launch.launch(Launch.java:135)
	at net.minecraft.launchwrapper.Launch.main(Launch.java:28)
[INITIALIZATION][CLIENT][INFO] [crafttweaker | SIDE_CLIENT]: Loading Script: {[0:crafttweaker]: 02_durability.zs}
[INITIALIZATION][CLIENT][INFO] Initializing 'durability.zs'...
[INITIALIZATION][CLIENT][INFO] Setting max damage of  Wooden Pickaxe to 1
[INITIALIZATION][CLIENT][INFO] Setting max damage of  Wooden Sword to 1
[INITIALIZATION][CLIENT][INFO] Setting max damage of  Wooden Shovel to 1
[INITIALIZATION][CLIENT][INFO] Setting max damage of  Wooden Axe to 1
[INITIALIZATION][CLIENT][INFO] Setting max damage of  Wooden Hoe to 1
[INITIALIZATION][CLIENT][INFO] Initialized 'durability.zs'
[INITIALIZATION][CLIENT][INFO] [crafttweaker | SIDE_CLIENT]: Loading Script: {[0:crafttweaker]: 03_JEI.zs}
[INITIALIZATION][CLIENT][INFO] Initializing 'JEI.zs'...
[INITIALIZATION][CLIENT][INFO] Adding tooltip for <extrautils2:drum>: "Contenu non garde lors de l'utilisation dans un craft !"
[INITIALIZATION][CLIENT][INFO] Adding tooltip for <extrautils2:drum:1>: "Contenu non garde lors de l'utilisation dans un craft !"
[INITIALIZATION][CLIENT][INFO] Adding tooltip for <extrautils2:drum:2>: "Contenu non garde lors de l'utilisation dans un craft !"
[INITIALIZATION][CLIENT][INFO] Adding tooltip for <extrautils2:drum:3>: "Contenu non garde lors de l'utilisation dans un craft !"
[INITIALIZATION][CLIENT][INFO] Adding tooltip for <minecraft:coal_ore>: "Obtenable dans l'overworld de la couche y0 à y128"
[INITIALIZATION][CLIENT][INFO] Adding tooltip for <minecraft:iron_ore>: "Obtenable dans l'overworld de la couche y0 à y64"
[INITIALIZATION][CLIENT][INFO] Adding tooltip for <minecraft:gold_ore>: "Obtenable dans l'overworld de la couche y0 à y32"
[INITIALIZATION][CLIENT][INFO] Adding tooltip for <minecraft:lapis_ore>: "Obtenable dans l'overworld de la couche y0 à y32"
[INITIALIZATION][CLIENT][INFO] Adding tooltip for <minecraft:redstone_ore>: "Obtenable dans l'overworld de la couche y0 à y16"
[INITIALIZATION][CLIENT][INFO] Adding tooltip for <minecraft:diamond_ore>: "Obtenable dans l'overworld de la couche y0 à y16"
[INITIALIZATION][CLIENT][INFO] Adding tooltip for <minecraft:emerald_ore>: "Obtenable dans l'overworld de la couche y0 to y16; faibles chances de spawner en minant du diamant"
[INITIALIZATION][CLIENT][INFO] Initialized 'JEI.zs'
[INITIALIZATION][CLIENT][INFO] [crafttweaker | SIDE_CLIENT]: Loading Script: {[0:crafttweaker]: 04_lootTables.zs}
[INITIALIZATION][CLIENT][INFO] Initializing 'lootTables.zs'...
[INITIALIZATION][CLIENT][INFO] Initialized 'lootTables.zs'
[INITIALIZATION][CLIENT][INFO] [crafttweaker | SIDE_CLIENT]: Loading Script: {[0:crafttweaker]: 05_seeds.zs}
[INITIALIZATION][CLIENT][INFO] Initializing 'seeds.zs'...
[INITIALIZATION][CLIENT][INFO] Initialized 'seeds.zs'
[INITIALIZATION][CLIENT][INFO] [crafttweaker | SIDE_CLIENT]: Loading Script: {[0:crafttweaker]: 06_brewing.zs}
[INITIALIZATION][CLIENT][INFO] Initializing 'brewing.zs'...
[INITIALIZATION][CLIENT][INFO] Initialized 'brewing.zs'
[INITIALIZATION][CLIENT][INFO] [crafttweaker | SIDE_CLIENT]: Loading Script: {[0:crafttweaker]: 07_smelting.zs}
[INITIALIZATION][CLIENT][INFO] Initializing 'smelting.zs'...
[INITIALIZATION][CLIENT][INFO] Initialized 'smelting.zs'
[INITIALIZATION][CLIENT][INFO] [crafttweaker | SIDE_CLIENT]: Loading Script: {[0:crafttweaker]: bonsaitrees.zs}
[INITIALIZATION][CLIENT][INFO] Initializing 'bonsaitrees.zs'...
[INITIALIZATION][CLIENT][INFO] Initialized 'bonsaitrees.zs'
[INITIALIZATION][CLIENT][INFO] [crafttweaker | SIDE_CLIENT]: Loading Script: {[0:crafttweaker]: cookingForBlockheads.zs}
[INITIALIZATION][CLIENT][INFO] Initializing 'cookingForBlockheads.zs'...
[INITIALIZATION][CLIENT][INFO] Initialized 'cookingForBlockheads.zs'
[INITIALIZATION][CLIENT][INFO] [crafttweaker | SIDE_CLIENT]: Loading Script: {[0:crafttweaker]: efab.zs}
[INITIALIZATION][CLIENT][INFO] Initializing 'efab.zs'...
[INITIALIZATION][CLIENT][INFO] Initialized 'efab.zs'
[INITIALIZATION][CLIENT][INFO] [crafttweaker | SIDE_CLIENT]: Loading Script: {[0:crafttweaker]: extraUtilities.zs}
[INITIALIZATION][CLIENT][INFO] Initializing 'extraUtilities.zs'...
[INITIALIZATION][CLIENT][INFO] Initialized 'extraUtilities.zs'
[INITIALIZATION][CLIENT][INFO] [crafttweaker | SIDE_CLIENT]: Loading Script: {[0:crafttweaker]: ironChests.zs}
[INITIALIZATION][CLIENT][INFO] Initializing 'ironChests.zs'...
[INITIALIZATION][CLIENT][INFO] Initialized 'ironChests.zs'
[INITIALIZATION][CLIENT][INFO] [crafttweaker | SIDE_CLIENT]: Loading Script: {[0:crafttweaker]: minecraft.zs}
[INITIALIZATION][CLIENT][ERROR] minecraft.zs:19: Could not resolve <stevescarts : modulecomponents : 49>
[INITIALIZATION][CLIENT][ERROR] minecraft.zs:19: Could not resolve <stevescarts : modulecomponents : 49>
[INITIALIZATION][CLIENT][ERROR] minecraft.zs:19: Could not resolve <stevescarts : modulecomponents : 49>
[INITIALIZATION][CLIENT][ERROR] minecraft.zs:23 > No such member: tconstruct
[INITIALIZATION][CLIENT][ERROR] [crafttweaker]: Error executing {[0:crafttweaker]: minecraft.zs}: Bad type on operand stack
Exception Details:
  Location:
    Minecraft.__script__()V @473: ifnonnull
  Reason:
    Type integer (current frame, stack[5]) is not assignable to reference type
  Current Frame:
    bci: @473
    flags: { }
    locals: { }
    stack: { null, '[Lstanhebben/zenscript/value/IAny;', '[Lstanhebben/zenscript/value/IAny;', integer, integer, integer }
  Bytecode:
    0x0000000: 120b b800 11b2 0017 1219 121a b800 2003
    0x0000010: b900 2603 00b2 0017 1219 121a b800 2012
    0x0000020: 27b9 002d 0200 1227 bd00 2f59 121a 1231
    0x0000030: b800 3753 5912 3812 31b8 0037 5301 01b9
    0x0000040: 003c 0500 b200 1712 31b8 0037 03b9 0026
    0x0000050: 0300 b200 1712 3e12 1ab8 0020 1227 b900
    0x0000060: 2d02 0012 38bd 002f 5912 1a12 4012 1ab8
    0x0000070: 0020 5301 01b9 003c 0500 b200 1712 3e12
    0x0000080: 41b8 0020 1227 b900 2d02 0012 38bd 002f
    0x0000090: 5912 1a12 4312 1ab8 0020 5301 01b9 003c
    0x00000a0: 0500 b200 1712 3e12 44b8 0020 1227 b900
    0x00000b0: 2d02 0012 38bd 002f 5912 1a12 4312 38b8
    0x00000c0: 0020 5301 01b9 003c 0500 b200 1712 3e12
    0x00000d0: 45b8 0020 1227 b900 2d02 0012 38bd 002f
    0x00000e0: 5912 1a12 4012 45b8 0020 5301 01b9 003c
    0x00000f0: 0500 b200 1712 3e12 27b8 0020 1227 b900
    0x0000100: 2d02 0012 38bd 002f 5912 1a12 4012 27b8
    0x0000110: 0020 5301 01b9 003c 0500 b200 1712 3e12
    0x0000120: 38b8 0020 1227 b900 2d02 0012 38bd 002f
    0x0000130: 5912 1a12 4012 38b8 0020 5301 01b9 003c
    0x0000140: 0500 b200 1712 4712 1ab8 0020 03b9 0026
    0x0000150: 0300 b200 1712 4712 1ab8 0020 1248 b900
    0x0000160: 2d02 0012 27bd 004a 5912 1a12 45bd 002f
    0x0000170: 5912 1a01 5359 1238 0153 5912 2701 5353
    0x0000180: 5912 3812 45bd 002f 5912 1a01 5359 1238
    0x0000190: 0153 5912 2701 5353 0101 b900 4e05 0001
    0x00001a0: 1245 bd00 5059 121a 1252 121a b800 2059
    0x00001b0: c700 0857 01a7 0006 b800 5853 5912 3812
    0x00001c0: 5a12 1ab8 0020 59c7 0008 5701 a700 06b8
    0x00001d0: 0058 5359 1227 125b 59c7 0008 5701 a700
    0x00001e0: 06b8 0060 b800 6659 c700 0857 01a7 0006
    0x00001f0: b800 6053 b900 6a02 0057 126c b800 11b1
    0x0000200:                                        
  Stackmap Table:
    full_frame(@440,{},{Null,Object[#110],Object[#110],Integer,Object[#41]})
    full_frame(@443,{},{Null,Object[#110],Object[#110],Integer,Object[#80]})
    full_frame(@463,{},{Null,Object[#110],Object[#110],Integer,Object[#41]})
    full_frame(@466,{},{Null,Object[#110],Object[#110],Integer,Object[#80]})
    full_frame(@481,{},{Null,Object[#110],Object[#110],Integer,Integer})
    full_frame(@484,{},{Null,Object[#110],Object[#110],Integer,Object[#80]})
    full_frame(@496,{},{Null,Object[#110],Object[#110],Integer,Object[#112]})
    full_frame(@499,{},{Null,Object[#110],Object[#110],Integer,Object[#80]})

java.lang.VerifyError: Bad type on operand stack
Exception Details:
  Location:
    Minecraft.__script__()V @473: ifnonnull
  Reason:
    Type integer (current frame, stack[5]) is not assignable to reference type
  Current Frame:
    bci: @473
    flags: { }
    locals: { }
    stack: { null, '[Lstanhebben/zenscript/value/IAny;', '[Lstanhebben/zenscript/value/IAny;', integer, integer, integer }
  Bytecode:
    0x0000000: 120b b800 11b2 0017 1219 121a b800 2003
    0x0000010: b900 2603 00b2 0017 1219 121a b800 2012
    0x0000020: 27b9 002d 0200 1227 bd00 2f59 121a 1231
    0x0000030: b800 3753 5912 3812 31b8 0037 5301 01b9
    0x0000040: 003c 0500 b200 1712 31b8 0037 03b9 0026
    0x0000050: 0300 b200 1712 3e12 1ab8 0020 1227 b900
    0x0000060: 2d02 0012 38bd 002f 5912 1a12 4012 1ab8
    0x0000070: 0020 5301 01b9 003c 0500 b200 1712 3e12
    0x0000080: 41b8 0020 1227 b900 2d02 0012 38bd 002f
    0x0000090: 5912 1a12 4312 1ab8 0020 5301 01b9 003c
    0x00000a0: 0500 b200 1712 3e12 44b8 0020 1227 b900
    0x00000b0: 2d02 0012 38bd 002f 5912 1a12 4312 38b8
    0x00000c0: 0020 5301 01b9 003c 0500 b200 1712 3e12
    0x00000d0: 45b8 0020 1227 b900 2d02 0012 38bd 002f
    0x00000e0: 5912 1a12 4012 45b8 0020 5301 01b9 003c
    0x00000f0: 0500 b200 1712 3e12 27b8 0020 1227 b900
    0x0000100: 2d02 0012 38bd 002f 5912 1a12 4012 27b8
    0x0000110: 0020 5301 01b9 003c 0500 b200 1712 3e12
    0x0000120: 38b8 0020 1227 b900 2d02 0012 38bd 002f
    0x0000130: 5912 1a12 4012 38b8 0020 5301 01b9 003c
    0x0000140: 0500 b200 1712 4712 1ab8 0020 03b9 0026
    0x0000150: 0300 b200 1712 4712 1ab8 0020 1248 b900
    0x0000160: 2d02 0012 27bd 004a 5912 1a12 45bd 002f
    0x0000170: 5912 1a01 5359 1238 0153 5912 2701 5353
    0x0000180: 5912 3812 45bd 002f 5912 1a01 5359 1238
    0x0000190: 0153 5912 2701 5353 0101 b900 4e05 0001
    0x00001a0: 1245 bd00 5059 121a 1252 121a b800 2059
    0x00001b0: c700 0857 01a7 0006 b800 5853 5912 3812
    0x00001c0: 5a12 1ab8 0020 59c7 0008 5701 a700 06b8
    0x00001d0: 0058 5359 1227 125b 59c7 0008 5701 a700
    0x00001e0: 06b8 0060 b800 6659 c700 0857 01a7 0006
    0x00001f0: b800 6053 b900 6a02 0057 126c b800 11b1
    0x0000200:                                        
  Stackmap Table:
    full_frame(@440,{},{Null,Object[#110],Object[#110],Integer,Object[#41]})
    full_frame(@443,{},{Null,Object[#110],Object[#110],Integer,Object[#80]})
    full_frame(@463,{},{Null,Object[#110],Object[#110],Integer,Object[#41]})
    full_frame(@466,{},{Null,Object[#110],Object[#110],Integer,Object[#80]})
    full_frame(@481,{},{Null,Object[#110],Object[#110],Integer,Integer})
    full_frame(@484,{},{Null,Object[#110],Object[#110],Integer,Object[#80]})
    full_frame(@496,{},{Null,Object[#110],Object[#110],Integer,Object[#112]})
    full_frame(@499,{},{Null,Object[#110],Object[#110],Integer,Object[#80]})

	at __ZenMain__.run(Minecraft)
	at crafttweaker.runtime.CrTTweaker.loadScript(CrTTweaker.java:225)
	at crafttweaker.runtime.CrTTweaker.loadScript(CrTTweaker.java:105)
	at crafttweaker.mc1120.events.CommonEventHandler.registerRecipes(CommonEventHandler.java:73)
	at net.minecraftforge.fml.common.eventhandler.ASMEventHandler_487_CommonEventHandler_registerRecipes_Register.invoke(.dynamic)
	at net.minecraftforge.fml.common.eventhandler.ASMEventHandler.invoke(ASMEventHandler.java:90)
	at net.minecraftforge.fml.common.eventhandler.EventBus$1.invoke(EventBus.java:144)
	at net.minecraftforge.fml.common.eventhandler.EventBus.post(EventBus.java:182)
	at net.minecraftforge.registries.GameData.fireRegistryEvents(GameData.java:857)
	at net.minecraftforge.common.crafting.CraftingHelper.loadRecipes(CraftingHelper.java:636)
	at net.minecraftforge.fml.common.Loader.initializeMods(Loader.java:747)
	at net.minecraftforge.fml.client.FMLClientHandler.finishMinecraftLoading(FMLClientHandler.java:336)
	at net.minecraft.client.Minecraft.func_71384_a(Minecraft.java:535)
	at net.minecraft.client.Minecraft.func_99999_d(Minecraft.java:378)
	at net.minecraft.client.main.Main.main(SourceFile:123)
	at sun.reflect.NativeMethodAccessorImpl.invoke0(Native Method)
	at sun.reflect.NativeMethodAccessorImpl.invoke(NativeMethodAccessorImpl.java:62)
	at sun.reflect.DelegatingMethodAccessorImpl.invoke(DelegatingMethodAccessorImpl.java:43)
	at java.lang.reflect.Method.invoke(Method.java:497)
	at net.minecraft.launchwrapper.Launch.launch(Launch.java:135)
	at net.minecraft.launchwrapper.Launch.main(Launch.java:28)
[INITIALIZATION][CLIENT][INFO] [crafttweaker | SIDE_CLIENT]: Loading Script: {[0:crafttweaker]: openBlocks.zs}
[INITIALIZATION][CLIENT][ERROR] openBlocks.zs:16: Could not resolve <actuallyadditions : item_crystal : 5>
[INITIALIZATION][CLIENT][ERROR] openBlocks.zs:16: Could not resolve <actuallyadditions : item_crystal : 5>
[INITIALIZATION][CLIENT][ERROR] openBlocks.zs:36: Could not resolve <forestry : thermionic_tubes : 4>
[INITIALIZATION][CLIENT][ERROR] openBlocks.zs:44: Could not resolve <magicbees : mysteriousmagnet : 2>
[INITIALIZATION][CLIENT][INFO] Initializing 'openBlocks.zs'...
[INITIALIZATION][CLIENT][INFO] Initialized 'openBlocks.zs'
[INITIALIZATION][CLIENT][INFO] [crafttweaker | SIDE_CLIENT]: Loading Script: {[0:crafttweaker]: powerSystems\powerGeneration.zs}
[INITIALIZATION][CLIENT][ERROR] powerSystems\powerGeneration.zs:7: Could not resolve <forestry : engine_clockwork>
[INITIALIZATION][CLIENT][ERROR] powerSystems\powerGeneration.zs:8: Could not resolve <forestry : engine_clockwork>
[INITIALIZATION][CLIENT][ERROR] powerSystems\powerGeneration.zs:14: Could not resolve <actuallyadditions : block_misc : 9>
[INITIALIZATION][CLIENT][ERROR] powerSystems\powerGeneration.zs:14: Could not resolve <actuallyadditions : block_misc : 9>
[INITIALIZATION][CLIENT][ERROR] powerSystems\powerGeneration.zs:14: Could not resolve <actuallyadditions : block_misc : 9>
[INITIALIZATION][CLIENT][ERROR] powerSystems\powerGeneration.zs:14: Could not resolve <forestry : chipsets : 2>
[INITIALIZATION][CLIENT][ERROR] powerSystems\powerGeneration.zs:14: Could not resolve <actuallyadditions : block_misc : 9>
[INITIALIZATION][CLIENT][ERROR] powerSystems\powerGeneration.zs:18: Could not resolve <actuallyadditions : block_coal_generator>
[INITIALIZATION][CLIENT][ERROR] powerSystems\powerGeneration.zs:19: Could not resolve <actuallyadditions : block_coal_generator>
[INITIALIZATION][CLIENT][ERROR] powerSystems\powerGeneration.zs:19: Could not resolve <actuallyadditions : block_misc : 9>
[INITIALIZATION][CLIENT][ERROR] powerSystems\powerGeneration.zs:19: Could not resolve <actuallyadditions : block_misc : 9>
[INITIALIZATION][CLIENT][ERROR] powerSystems\powerGeneration.zs:19: Could not resolve <forestry : chipsets : 3>
[INITIALIZATION][CLIENT][ERROR] powerSystems\powerGeneration.zs:21: Could not resolve <rftools : coalgenerator>
[INITIALIZATION][CLIENT][ERROR] powerSystems\powerGeneration.zs:22: Could not resolve <rftools : coalgenerator>
[INITIALIZATION][CLIENT][ERROR] powerSystems\powerGeneration.zs:22: Could not resolve <actuallyadditions : block_misc : 9>
[INITIALIZATION][CLIENT][ERROR] powerSystems\powerGeneration.zs:22: Could not resolve <actuallyadditions : block_misc : 9>
[INITIALIZATION][CLIENT][ERROR] powerSystems\powerGeneration.zs:22: Could not resolve <forestry : chipsets : 1>
[INITIALIZATION][CLIENT][ERROR] powerSystems\powerGeneration.zs:24: Could not resolve <actuallyadditions : block_misc : 9>
[INITIALIZATION][CLIENT][ERROR] powerSystems\powerGeneration.zs:24: Could not resolve <actuallyadditions : block_misc : 9>
[INITIALIZATION][CLIENT][ERROR] powerSystems\powerGeneration.zs:24: Could not resolve <forestry : chipsets : 2>
[INITIALIZATION][CLIENT][ERROR] powerSystems\powerGeneration.zs:26: Could not resolve <techreborn : solid_fuel_generator>
[INITIALIZATION][CLIENT][ERROR] powerSystems\powerGeneration.zs:27: Could not resolve <techreborn : solid_fuel_generator>
[INITIALIZATION][CLIENT][ERROR] powerSystems\powerGeneration.zs:27: Could not resolve <actuallyadditions : block_misc : 9>
[INITIALIZATION][CLIENT][ERROR] powerSystems\powerGeneration.zs:27: Could not resolve <actuallyadditions : block_misc : 9>
[INITIALIZATION][CLIENT][ERROR] powerSystems\powerGeneration.zs:27: Could not resolve <forestry : chipsets>
[INITIALIZATION][CLIENT][ERROR] powerSystems\powerGeneration.zs:30: Could not resolve <actuallyadditions : block_oil_generator>
[INITIALIZATION][CLIENT][ERROR] powerSystems\powerGeneration.zs:31: Could not resolve <actuallyadditions : block_oil_generator>
[INITIALIZATION][CLIENT][ERROR] powerSystems\powerGeneration.zs:31: Could not resolve <actuallyadditions : block_misc : 9>
[INITIALIZATION][CLIENT][ERROR] powerSystems\powerGeneration.zs:31: Could not resolve <actuallyadditions : item_misc : 24>
[INITIALIZATION][CLIENT][ERROR] powerSystems\powerGeneration.zs:31: Could not resolve <actuallyadditions : block_misc : 9>
[INITIALIZATION][CLIENT][ERROR] powerSystems\powerGeneration.zs:34: Could not resolve <immersiveengineering : metal_decoration0 : 1>
[INITIALIZATION][CLIENT][ERROR] powerSystems\powerGeneration.zs:37: Could not resolve <immersiveengineering : metal_decoration0 : 1>
[INITIALIZATION][CLIENT][ERROR] powerSystems\powerGeneration.zs:40: Could not resolve <immersiveengineering : metal_decoration0 : 1>
[INITIALIZATION][CLIENT][ERROR] powerSystems\powerGeneration.zs:43: Could not resolve <immersiveengineering : metal_decoration0 : 1>
[INITIALIZATION][CLIENT][ERROR] powerSystems\powerGeneration.zs:46: Could not resolve <actuallyadditions : item_misc : 19>
[INITIALIZATION][CLIENT][ERROR] powerSystems\powerGeneration.zs:46: Could not resolve <actuallyadditions : item_misc : 19>
[INITIALIZATION][CLIENT][ERROR] powerSystems\powerGeneration.zs:46: Could not resolve <thermalexpansion : frame>
[INITIALIZATION][CLIENT][ERROR] powerSystems\powerGeneration.zs:46: Could not resolve <actuallyadditions : item_misc : 19>
[INITIALIZATION][CLIENT][ERROR] powerSystems\powerGeneration.zs:46: Could not resolve <actuallyadditions : item_misc : 19>
[INITIALIZATION][CLIENT][ERROR] powerSystems\powerGeneration.zs:49: Could not resolve <thermalexpansion : dynamo : 4>
[INITIALIZATION][CLIENT][ERROR] powerSystems\powerGeneration.zs:50: Could not resolve <thermalexpansion : dynamo : 3>
[INITIALIZATION][CLIENT][ERROR] powerSystems\powerGeneration.zs:51: Could not resolve <thermalexpansion : dynamo : 2>
[INITIALIZATION][CLIENT][ERROR] powerSystems\powerGeneration.zs:52: Could not resolve <thermalexpansion : dynamo>
[INITIALIZATION][CLIENT][ERROR] powerSystems\powerGeneration.zs:53: Could not resolve <thermalexpansion : dynamo : 4>
[INITIALIZATION][CLIENT][ERROR] powerSystems\powerGeneration.zs:53: Could not resolve <thermalfoundation : material : 514>
[INITIALIZATION][CLIENT][ERROR] powerSystems\powerGeneration.zs:54: Could not resolve <thermalexpansion : dynamo : 3>
[INITIALIZATION][CLIENT][ERROR] powerSystems\powerGeneration.zs:54: Could not resolve <thermalfoundation : material : 514>
[INITIALIZATION][CLIENT][ERROR] powerSystems\powerGeneration.zs:55: Could not resolve <thermalexpansion : dynamo : 2>
[INITIALIZATION][CLIENT][ERROR] powerSystems\powerGeneration.zs:55: Could not resolve <thermalfoundation : material : 514>
[INITIALIZATION][CLIENT][ERROR] powerSystems\powerGeneration.zs:56: Could not resolve <thermalexpansion : dynamo>
[INITIALIZATION][CLIENT][ERROR] powerSystems\powerGeneration.zs:56: Could not resolve <thermalfoundation : material : 514>
[INITIALIZATION][CLIENT][ERROR] powerSystems\powerGeneration.zs:59: Could not resolve <immersivepetroleum : metal_device : 1>
[INITIALIZATION][CLIENT][ERROR] powerSystems\powerGeneration.zs:60: Could not resolve <immersivepetroleum : metal_device : 1>
[INITIALIZATION][CLIENT][ERROR] powerSystems\powerGeneration.zs:60: Could not resolve <immersiveengineering : metal_decoration0 : 6>
[INITIALIZATION][CLIENT][ERROR] powerSystems\powerGeneration.zs:60: Could not resolve <immersiveengineering : metal_decoration0 : 1>
[INITIALIZATION][CLIENT][INFO] Initializing 'powerGeneration.zs'...
[INITIALIZATION][CLIENT][ERROR] Cannot remove recipes for a null item!
[INITIALIZATION][CLIENT][ERROR] [crafttweaker]: Error executing {[0:crafttweaker]: powerSystems\powerGeneration.zs}: null
java.lang.NullPointerException
	at crafttweaker.mc1120.recipes.MCRecipeShaped.toCommandString(MCRecipeShaped.java:335)
	at crafttweaker.mc1120.recipes.MCRecipeManager$ActionBaseAddRecipe.calculateName(MCRecipeManager.java:826)
	at crafttweaker.mc1120.recipes.MCRecipeManager$ActionBaseAddRecipe.setName(MCRecipeManager.java:820)
	at crafttweaker.mc1120.recipes.MCRecipeManager$ActionAddShapedRecipe.<init>(MCRecipeManager.java:882)
	at crafttweaker.mc1120.recipes.MCRecipeManager$ActionAddShapedRecipe.<init>(MCRecipeManager.java:877)
	at crafttweaker.mc1120.recipes.MCRecipeManager.addShaped(MCRecipeManager.java:151)
	at powerSystems\PowerGeneration.__script__(powerSystems\powerGeneration.zs:8)
	at __ZenMain__.run(powerSystems\PowerGeneration)
	at crafttweaker.runtime.CrTTweaker.loadScript(CrTTweaker.java:225)
	at crafttweaker.runtime.CrTTweaker.loadScript(CrTTweaker.java:105)
	at crafttweaker.mc1120.events.CommonEventHandler.registerRecipes(CommonEventHandler.java:73)
	at net.minecraftforge.fml.common.eventhandler.ASMEventHandler_487_CommonEventHandler_registerRecipes_Register.invoke(.dynamic)
	at net.minecraftforge.fml.common.eventhandler.ASMEventHandler.invoke(ASMEventHandler.java:90)
	at net.minecraftforge.fml.common.eventhandler.EventBus$1.invoke(EventBus.java:144)
	at net.minecraftforge.fml.common.eventhandler.EventBus.post(EventBus.java:182)
	at net.minecraftforge.registries.GameData.fireRegistryEvents(GameData.java:857)
	at net.minecraftforge.common.crafting.CraftingHelper.loadRecipes(CraftingHelper.java:636)
	at net.minecraftforge.fml.common.Loader.initializeMods(Loader.java:747)
	at net.minecraftforge.fml.client.FMLClientHandler.finishMinecraftLoading(FMLClientHandler.java:336)
	at net.minecraft.client.Minecraft.func_71384_a(Minecraft.java:535)
	at net.minecraft.client.Minecraft.func_99999_d(Minecraft.java:378)
	at net.minecraft.client.main.Main.main(SourceFile:123)
	at sun.reflect.NativeMethodAccessorImpl.invoke0(Native Method)
	at sun.reflect.NativeMethodAccessorImpl.invoke(NativeMethodAccessorImpl.java:62)
	at sun.reflect.DelegatingMethodAccessorImpl.invoke(DelegatingMethodAccessorImpl.java:43)
	at java.lang.reflect.Method.invoke(Method.java:497)
	at net.minecraft.launchwrapper.Launch.launch(Launch.java:135)
	at net.minecraft.launchwrapper.Launch.main(Launch.java:28)
[INITIALIZATION][CLIENT][INFO] [crafttweaker | SIDE_CLIENT]: Loading Script: {[0:crafttweaker]: powerSystems\powerStorage.zs}
[INITIALIZATION][CLIENT][ERROR] powerSystems\powerStorage.zs:7: Could not resolve <thermalexpansion : frame : 147>
[INITIALIZATION][CLIENT][ERROR] powerSystems\powerStorage.zs:8: Could not resolve <thermalexpansion : frame : 148>
[INITIALIZATION][CLIENT][ERROR] powerSystems\powerStorage.zs:9: Could not resolve <thermalexpansion : frame : 128>
[INITIALIZATION][CLIENT][ERROR] powerSystems\powerStorage.zs:10: Could not resolve <thermalexpansion : frame : 129>
[INITIALIZATION][CLIENT][ERROR] powerSystems\powerStorage.zs:11: Could not resolve <thermalexpansion : frame : 130>
[INITIALIZATION][CLIENT][ERROR] powerSystems\powerStorage.zs:12: Could not resolve <thermalexpansion : frame : 146>
[INITIALIZATION][CLIENT][ERROR] powerSystems\powerStorage.zs:13: Could not resolve <thermalexpansion : frame : 131>
[INITIALIZATION][CLIENT][ERROR] powerSystems\powerStorage.zs:14: Could not resolve <thermalexpansion : frame : 132>
[INITIALIZATION][CLIENT][ERROR] powerSystems\powerStorage.zs:15: Could not resolve <techreborn : low_voltage_su>
[INITIALIZATION][CLIENT][ERROR] powerSystems\powerStorage.zs:16: Could not resolve <thermalexpansion : cell>
[INITIALIZATION][CLIENT][ERROR] powerSystems\powerStorage.zs:17: Could not resolve <appliedenergistics2 : creative_energy_cell>
[INITIALIZATION][CLIENT][ERROR] powerSystems\powerStorage.zs:18: Could not resolve <immersiveengineering : metal_device0 : 3>
[INITIALIZATION][CLIENT][ERROR] powerSystems\powerStorage.zs:19: Could not resolve <rftools : powercell_simple>
[INITIALIZATION][CLIENT][ERROR] powerSystems\powerStorage.zs:20: Could not resolve <rftools : powercell_creative>
[INITIALIZATION][CLIENT][ERROR] powerSystems\powerStorage.zs:21: Could not resolve <rftools : powercell_advanced>
[INITIALIZATION][CLIENT][ERROR] powerSystems\powerStorage.zs:22: Could not resolve <rftools : powercell>
[INITIALIZATION][CLIENT][ERROR] powerSystems\powerStorage.zs:23: Could not resolve <actuallyadditions : block_battery_box>
[INITIALIZATION][CLIENT][ERROR] powerSystems\powerStorage.zs:24: Could not resolve <techreborn : lapotronic_su>
[INITIALIZATION][CLIENT][ERROR] powerSystems\powerStorage.zs:25: Could not resolve <techreborn : lsu_storage>
[INITIALIZATION][CLIENT][ERROR] powerSystems\powerStorage.zs:26: Could not resolve <techreborn : adjustable_su>
[INITIALIZATION][CLIENT][ERROR] powerSystems\powerStorage.zs:27: Could not resolve <techreborn : interdimensional_su>
[INITIALIZATION][CLIENT][ERROR] powerSystems\powerStorage.zs:28: Could not resolve <fluxnetworks : fluxstorage>
[INITIALIZATION][CLIENT][ERROR] powerSystems\powerStorage.zs:29: Could not resolve <fluxnetworks : herculeanfluxstorage>
[INITIALIZATION][CLIENT][ERROR] powerSystems\powerStorage.zs:30: Could not resolve <fluxnetworks : gargantuanfluxstorage>
[INITIALIZATION][CLIENT][ERROR] powerSystems\powerStorage.zs:31: Could not resolve <techreborn : medium_voltage_su>
[INITIALIZATION][CLIENT][ERROR] powerSystems\powerStorage.zs:32: Could not resolve <techreborn : high_voltage_su>
[INITIALIZATION][CLIENT][ERROR] powerSystems\powerStorage.zs:33: Could not resolve <immersiveengineering : metal_device0>
[INITIALIZATION][CLIENT][ERROR] powerSystems\powerStorage.zs:34: Could not resolve <immersiveengineering : metal_device0 : 1>
[INITIALIZATION][CLIENT][ERROR] powerSystems\powerStorage.zs:35: Could not resolve <immersiveengineering : metal_device0 : 2>
[INITIALIZATION][CLIENT][ERROR] powerSystems\powerStorage.zs:40: Could not resolve <rftoolspower : cell1>
[INITIALIZATION][CLIENT][ERROR] powerSystems\powerStorage.zs:41: Could not resolve <rftoolspower : cell1>
[INITIALIZATION][CLIENT][ERROR] powerSystems\powerStorage.zs:41: Could not resolve <forestry : chipsets : 2>
[INITIALIZATION][CLIENT][ERROR] powerSystems\powerStorage.zs:41: Could not resolve <immersiveengineering : metal_decoration0>
[INITIALIZATION][CLIENT][ERROR] powerSystems\powerStorage.zs:44: Could not resolve <rftoolspower : cell2>
[INITIALIZATION][CLIENT][ERROR] powerSystems\powerStorage.zs:45: Could not resolve <rftoolspower : cell2>
[INITIALIZATION][CLIENT][ERROR] powerSystems\powerStorage.zs:45: Could not resolve <rftoolspower : cell1>
[INITIALIZATION][CLIENT][ERROR] powerSystems\powerStorage.zs:45: Could not resolve <rftoolspower : cell1>
[INITIALIZATION][CLIENT][ERROR] powerSystems\powerStorage.zs:45: Could not resolve <rftoolspower : cell1>
[INITIALIZATION][CLIENT][ERROR] powerSystems\powerStorage.zs:45: Could not resolve <rftoolspower : cell1>
[INITIALIZATION][CLIENT][ERROR] powerSystems\powerStorage.zs:58: Could not resolve <rftoolspower : cell3>
[INITIALIZATION][CLIENT][ERROR] powerSystems\powerStorage.zs:59: Could not resolve <rftoolspower : cell3>
[INITIALIZATION][CLIENT][ERROR] powerSystems\powerStorage.zs:59: Could not resolve <rftoolspower : cell2>
[INITIALIZATION][CLIENT][ERROR] powerSystems\powerStorage.zs:59: Could not resolve <rftoolspower : cell2>
[INITIALIZATION][CLIENT][ERROR] powerSystems\powerStorage.zs:59: Could not resolve <rftoolspower : cell2>
[INITIALIZATION][CLIENT][ERROR] powerSystems\powerStorage.zs:59: Could not resolve <rftoolspower : cell2>
[INITIALIZATION][CLIENT][ERROR] powerSystems\powerStorage.zs:72: Could not resolve <rftoolspower : information_screen>
[INITIALIZATION][CLIENT][ERROR] powerSystems\powerStorage.zs:73: Could not resolve <rftoolspower : information_screen>
[INITIALIZATION][CLIENT][ERROR] powerSystems\powerStorage.zs:76: Could not resolve <rftoolspower : power_core1>
[INITIALIZATION][CLIENT][ERROR] powerSystems\powerStorage.zs:77: Could not resolve <rftoolspower : power_core2>
[INITIALIZATION][CLIENT][ERROR] powerSystems\powerStorage.zs:78: Could not resolve <rftoolspower : power_core3>
[INITIALIZATION][CLIENT][ERROR] [crafttweaker]: Error executing {[0:crafttweaker]: powerSystems\powerStorage.zs}: Bad type on operand stack
Exception Details:
  Location:
    powerSystems\PowerStorage.__script__()V @331: invokestatic
  Reason:
    Type 'stanhebben/zenscript/value/IAny' (current frame, stack[13]) is not assignable to 'java/lang/String'
  Current Frame:
    bci: @331
    flags: { }
    locals: { }
    stack: { 'crafttweaker/api/recipes/IRecipeManager', 'java/lang/String', null, '[[Lcrafttweaker/api/item/IIngredient;', '[[Lcrafttweaker/api/item/IIngredient;', integer, '[Lcrafttweaker/api/item/IIngredient;', '[Lcrafttweaker/api/item/IIngredient;', integer, null, '[Lstanhebben/zenscript/value/IAny;', '[Lstanhebben/zenscript/value/IAny;', integer, 'stanhebben/zenscript/value/IAny' }
  Bytecode:
    0x0000000: 120b b800 1101 03b8 0017 0103 b800 1701
    0x0000010: 03b8 0017 0103 b800 1701 03b8 0017 0103
    0x0000020: b800 1701 03b8 0017 0103 b800 1701 03b8
    0x0000030: 0017 0103 b800 1701 03b8 0017 0103 b800
    0x0000040: 1701 03b8 0017 0103 b800 1701 03b8 0017
    0x0000050: 0103 b800 1701 03b8 0017 0103 b800 1701
    0x0000060: 03b8 0017 0103 b800 1701 03b8 0017 0103
    0x0000070: b800 1701 03b8 0017 0103 b800 1701 03b8
    0x0000080: 0017 0103 b800 1701 03b8 0017 0103 b800
    0x0000090: 1701 03b8 0017 b200 1d01 03b9 0022 0300
    0x00000a0: b200 1d01 1223 bd00 2559 1226 1223 bd00
    0x00000b0: 2859 1226 122a b800 3053 5912 3112 2ab8
    0x00000c0: 0030 5359 1232 122a b800 3053 5359 1231
    0x00000d0: 1223 bd00 2859 1226 1234 b800 3053 5912
    0x00000e0: 3101 5359 1232 1234 b800 3053 5359 1232
    0x00000f0: 1223 bd00 2859 1226 1236 b800 3053 5912
    0x0000100: 3101 5359 1232 1236 b800 3053 5301 01b9
    0x0000110: 003a 0500 b200 1d01 03b9 0022 0300 b200
    0x0000120: 1d12 3c01 1223 bd00 2559 1226 1223 bd00
    0x0000130: 2859 1226 0112 31bd 003e 5912 2612 4059
    0x0000140: c700 0857 01a7 0006 b800 46b8 004c 53b9
    0x0000150: 0050 0200 1228 b900 5402 0053 5912 3112
    0x0000160: 56b8 0030 5359 1232 0112 31bd 003e 5912
    0x0000170: 2612 5859 c700 0857 01a7 0006 b800 46b8
    0x0000180: 004c 53b9 0050 0200 1228 b900 5402 0053
    0x0000190: 5359 1231 1223 bd00 2859 1226 1256 b800
    0x00001a0: 3053 5912 3112 5ab8 0030 5359 1232 1256
    0x00001b0: b800 3053 5359 1232 1223 bd00 2859 1226
    0x00001c0: 0112 31bd 003e 5912 2612 5c59 c700 0857
    0x00001d0: 01a7 0006 b800 46b8 004c 53b9 0050 0200
    0x00001e0: 1228 b900 5402 0053 5912 3112 56b8 0030
    0x00001f0: 5359 1232 0112 31bd 003e 5912 2612 5e59
    0x0000200: c700 0857 01a7 0006 b800 46b8 004c 53b9
    0x0000210: 0050 0200 1228 b900 5402 0053 53bb 0060
    0x0000220: 59b7 0063 01b9 0066 0600 b200 1d01 03b9
    0x0000230: 0022 0300 b200 1d12 6801 1223 bd00 2559
    0x0000240: 1226 1223 bd00 2859 1226 0112 31bd 003e
    0x0000250: 5912 2612 4059 c700 0857 01a7 0006 b800
    0x0000260: 46b8 004c 53b9 0050 0200 1228 b900 5402
    0x0000270: 0053 5912 3112 6ab8 0030 5359 1232 0112
    0x0000280: 31bd 003e 5912 2612 5859 c700 0857 01a7
    0x0000290: 0006 b800 46b8 004c 53b9 0050 0200 1228
    0x00002a0: b900 5402 0053 5359 1231 1223 bd00 2859
    0x00002b0: 1226 126c b800 3053 5912 3112 6eb8 0030
    0x00002c0: 5359 1232 126c b800 3053 5359 1232 1223
    0x00002d0: bd00 2859 1226 0112 31bd 003e 5912 2612
    0x00002e0: 5c59 c700 0857 01a7 0006 b800 46b8 004c
    0x00002f0: 53b9 0050 0200 1228 b900 5402 0053 5912
    0x0000300: 3112 6ab8 0030 5359 1232 0112 31bd 003e
    0x0000310: 5912 2612 5e59 c700 0857 01a7 0006 b800
    0x0000320: 46b8 004c 53b9 0050 0200 1228 b900 5402
    0x0000330: 0053 53bb 0070 59b7 0071 01b9 0066 0600
    0x0000340: b200 1d01 03b9 0022 0300 b200 1d01 1223
    0x0000350: bd00 2559 1226 1223 bd00 2859 1226 1273
    0x0000360: 1274 b800 7a53 5912 3112 7312 74b8 007a
    0x0000370: 5359 1232 1273 1274 b800 7a53 5359 1231
    0x0000380: 1223 bd00 2859 1226 1273 1274 b800 7a53
    0x0000390: 5912 3112 7cb8 0030 5359 1232 1273 1274
    0x00003a0: b800 7a53 5359 1232 1223 bd00 2859 1226
    0x00003b0: 1273 1274 b800 7a53 5912 3112 7312 74b8
    0x00003c0: 007a 5359 1232 1273 1274 b800 7a53 5301
    0x00003d0: 01b9 003a 0500 0103 b800 1701 03b8 0017
    0x00003e0: 0103 b800 1712 7eb8 0011 b1            
  Stackmap Table:
    full_frame(@328,{},{Object[#31],Object[#128],Null,Object[#130],Object[#130],Integer,Object[#37],Object[#37],Integer,Null,Object[#132],Object[#132],Integer,Object[#128]})
    full_frame(@331,{},{Object[#31],Object[#128],Null,Object[#130],Object[#130],Integer,Object[#37],Object[#37],Integer,Null,Object[#132],Object[#132],Integer,Object[#62]})
    full_frame(@380,{},{Object[#31],Object[#128],Null,Object[#130],Object[#130],Integer,Object[#37],Object[#37],Integer,Null,Object[#132],Object[#132],Integer,Object[#128]})
    full_frame(@383,{},{Object[#31],Object[#128],Null,Object[#130],Object[#130],Integer,Object[#37],Object[#37],Integer,Null,Object[#132],Object[#132],Integer,Object[#62]})
    full_frame(@468,{},{Object[#31],Object[#128],Null,Object[#130],Object[#130],Integer,Object[#37],Object[#37],Integer,Null,Object[#132],Object[#132],Integer,Object[#128]})
    full_frame(@471,{},{Object[#31],Object[#128],Null,Object[#130],Object[#130],Integer,Object[#37],Object[#37],Integer,Null,Object[#132],Object[#132],Integer,Object[#62]})
    full_frame(@520,{},{Object[#31],Object[#128],Null,Object[#130],Object[#130],Integer,Object[#37],Object[#37],Integer,Null,Object[#132],Object[#132],Integer,Object[#128]})
    full_frame(@523,{},{Object[#31],Object[#128],Null,Object[#130],Object[#130],Integer,Object[#37],Object[#37],Integer,Null,Object[#132],Object[#132],Integer,Object[#62]})
    full_frame(@606,{},{Object[#31],Object[#128],Null,Object[#130],Object[#130],Integer,Object[#37],Object[#37],Integer,Null,Object[#132],Object[#132],Integer,Object[#128]})
    full_frame(@609,{},{Object[#31],Object[#128],Null,Object[#130],Object[#130],Integer,Object[#37],Object[#37],Integer,Null,Object[#132],Object[#132],Integer,Object[#62]})
    full_frame(@658,{},{Object[#31],Object[#128],Null,Object[#130],Object[#130],Integer,Object[#37],Object[#37],Integer,Null,Object[#132],Object[#132],Integer,Object[#128]})
    full_frame(@661,{},{Object[#31],Object[#128],Null,Object[#130],Object[#130],Integer,Object[#37],Object[#37],Integer,Null,Object[#132],Object[#132],Integer,Object[#62]})
    full_frame(@746,{},{Object[#31],Object[#128],Null,Object[#130],Object[#130],Integer,Object[#37],Object[#37],Integer,Null,Object[#132],Object[#132],Integer,Object[#128]})
    full_frame(@749,{},{Object[#31],Object[#128],Null,Object[#130],Object[#130],Integer,Object[#37],Object[#37],Integer,Null,Object[#132],Object[#132],Integer,Object[#62]})
    full_frame(@798,{},{Object[#31],Object[#128],Null,Object[#130],Object[#130],Integer,Object[#37],Object[#37],Integer,Null,Object[#132],Object[#132],Integer,Object[#128]})
    full_frame(@801,{},{Object[#31],Object[#128],Null,Object[#130],Object[#130],Integer,Object[#37],Object[#37],Integer,Null,Object[#132],Object[#132],Integer,Object[#62]})

java.lang.VerifyError: Bad type on operand stack
Exception Details:
  Location:
    powerSystems\PowerStorage.__script__()V @331: invokestatic
  Reason:
    Type 'stanhebben/zenscript/value/IAny' (current frame, stack[13]) is not assignable to 'java/lang/String'
  Current Frame:
    bci: @331
    flags: { }
    locals: { }
    stack: { 'crafttweaker/api/recipes/IRecipeManager', 'java/lang/String', null, '[[Lcrafttweaker/api/item/IIngredient;', '[[Lcrafttweaker/api/item/IIngredient;', integer, '[Lcrafttweaker/api/item/IIngredient;', '[Lcrafttweaker/api/item/IIngredient;', integer, null, '[Lstanhebben/zenscript/value/IAny;', '[Lstanhebben/zenscript/value/IAny;', integer, 'stanhebben/zenscript/value/IAny' }
  Bytecode:
    0x0000000: 120b b800 1101 03b8 0017 0103 b800 1701
    0x0000010: 03b8 0017 0103 b800 1701 03b8 0017 0103
    0x0000020: b800 1701 03b8 0017 0103 b800 1701 03b8
    0x0000030: 0017 0103 b800 1701 03b8 0017 0103 b800
    0x0000040: 1701 03b8 0017 0103 b800 1701 03b8 0017
    0x0000050: 0103 b800 1701 03b8 0017 0103 b800 1701
    0x0000060: 03b8 0017 0103 b800 1701 03b8 0017 0103
    0x0000070: b800 1701 03b8 0017 0103 b800 1701 03b8
    0x0000080: 0017 0103 b800 1701 03b8 0017 0103 b800
    0x0000090: 1701 03b8 0017 b200 1d01 03b9 0022 0300
    0x00000a0: b200 1d01 1223 bd00 2559 1226 1223 bd00
    0x00000b0: 2859 1226 122a b800 3053 5912 3112 2ab8
    0x00000c0: 0030 5359 1232 122a b800 3053 5359 1231
    0x00000d0: 1223 bd00 2859 1226 1234 b800 3053 5912
    0x00000e0: 3101 5359 1232 1234 b800 3053 5359 1232
    0x00000f0: 1223 bd00 2859 1226 1236 b800 3053 5912
    0x0000100: 3101 5359 1232 1236 b800 3053 5301 01b9
    0x0000110: 003a 0500 b200 1d01 03b9 0022 0300 b200
    0x0000120: 1d12 3c01 1223 bd00 2559 1226 1223 bd00
    0x0000130: 2859 1226 0112 31bd 003e 5912 2612 4059
    0x0000140: c700 0857 01a7 0006 b800 46b8 004c 53b9
    0x0000150: 0050 0200 1228 b900 5402 0053 5912 3112
    0x0000160: 56b8 0030 5359 1232 0112 31bd 003e 5912
    0x0000170: 2612 5859 c700 0857 01a7 0006 b800 46b8
    0x0000180: 004c 53b9 0050 0200 1228 b900 5402 0053
    0x0000190: 5359 1231 1223 bd00 2859 1226 1256 b800
    0x00001a0: 3053 5912 3112 5ab8 0030 5359 1232 1256
    0x00001b0: b800 3053 5359 1232 1223 bd00 2859 1226
    0x00001c0: 0112 31bd 003e 5912 2612 5c59 c700 0857
    0x00001d0: 01a7 0006 b800 46b8 004c 53b9 0050 0200
    0x00001e0: 1228 b900 5402 0053 5912 3112 56b8 0030
    0x00001f0: 5359 1232 0112 31bd 003e 5912 2612 5e59
    0x0000200: c700 0857 01a7 0006 b800 46b8 004c 53b9
    0x0000210: 0050 0200 1228 b900 5402 0053 53bb 0060
    0x0000220: 59b7 0063 01b9 0066 0600 b200 1d01 03b9
    0x0000230: 0022 0300 b200 1d12 6801 1223 bd00 2559
    0x0000240: 1226 1223 bd00 2859 1226 0112 31bd 003e
    0x0000250: 5912 2612 4059 c700 0857 01a7 0006 b800
    0x0000260: 46b8 004c 53b9 0050 0200 1228 b900 5402
    0x0000270: 0053 5912 3112 6ab8 0030 5359 1232 0112
    0x0000280: 31bd 003e 5912 2612 5859 c700 0857 01a7
    0x0000290: 0006 b800 46b8 004c 53b9 0050 0200 1228
    0x00002a0: b900 5402 0053 5359 1231 1223 bd00 2859
    0x00002b0: 1226 126c b800 3053 5912 3112 6eb8 0030
    0x00002c0: 5359 1232 126c b800 3053 5359 1232 1223
    0x00002d0: bd00 2859 1226 0112 31bd 003e 5912 2612
    0x00002e0: 5c59 c700 0857 01a7 0006 b800 46b8 004c
    0x00002f0: 53b9 0050 0200 1228 b900 5402 0053 5912
    0x0000300: 3112 6ab8 0030 5359 1232 0112 31bd 003e
    0x0000310: 5912 2612 5e59 c700 0857 01a7 0006 b800
    0x0000320: 46b8 004c 53b9 0050 0200 1228 b900 5402
    0x0000330: 0053 53bb 0070 59b7 0071 01b9 0066 0600
    0x0000340: b200 1d01 03b9 0022 0300 b200 1d01 1223
    0x0000350: bd00 2559 1226 1223 bd00 2859 1226 1273
    0x0000360: 1274 b800 7a53 5912 3112 7312 74b8 007a
    0x0000370: 5359 1232 1273 1274 b800 7a53 5359 1231
    0x0000380: 1223 bd00 2859 1226 1273 1274 b800 7a53
    0x0000390: 5912 3112 7cb8 0030 5359 1232 1273 1274
    0x00003a0: b800 7a53 5359 1232 1223 bd00 2859 1226
    0x00003b0: 1273 1274 b800 7a53 5912 3112 7312 74b8
    0x00003c0: 007a 5359 1232 1273 1274 b800 7a53 5301
    0x00003d0: 01b9 003a 0500 0103 b800 1701 03b8 0017
    0x00003e0: 0103 b800 1712 7eb8 0011 b1            
  Stackmap Table:
    full_frame(@328,{},{Object[#31],Object[#128],Null,Object[#130],Object[#130],Integer,Object[#37],Object[#37],Integer,Null,Object[#132],Object[#132],Integer,Object[#128]})
    full_frame(@331,{},{Object[#31],Object[#128],Null,Object[#130],Object[#130],Integer,Object[#37],Object[#37],Integer,Null,Object[#132],Object[#132],Integer,Object[#62]})
    full_frame(@380,{},{Object[#31],Object[#128],Null,Object[#130],Object[#130],Integer,Object[#37],Object[#37],Integer,Null,Object[#132],Object[#132],Integer,Object[#128]})
    full_frame(@383,{},{Object[#31],Object[#128],Null,Object[#130],Object[#130],Integer,Object[#37],Object[#37],Integer,Null,Object[#132],Object[#132],Integer,Object[#62]})
    full_frame(@468,{},{Object[#31],Object[#128],Null,Object[#130],Object[#130],Integer,Object[#37],Object[#37],Integer,Null,Object[#132],Object[#132],Integer,Object[#128]})
    full_frame(@471,{},{Object[#31],Object[#128],Null,Object[#130],Object[#130],Integer,Object[#37],Object[#37],Integer,Null,Object[#132],Object[#132],Integer,Object[#62]})
    full_frame(@520,{},{Object[#31],Object[#128],Null,Object[#130],Object[#130],Integer,Object[#37],Object[#37],Integer,Null,Object[#132],Object[#132],Integer,Object[#128]})
    full_frame(@523,{},{Object[#31],Object[#128],Null,Object[#130],Object[#130],Integer,Object[#37],Object[#37],Integer,Null,Object[#132],Object[#132],Integer,Object[#62]})
    full_frame(@606,{},{Object[#31],Object[#128],Null,Object[#130],Object[#130],Integer,Object[#37],Object[#37],Integer,Null,Object[#132],Object[#132],Integer,Object[#128]})
    full_frame(@609,{},{Object[#31],Object[#128],Null,Object[#130],Object[#130],Integer,Object[#37],Object[#37],Integer,Null,Object[#132],Object[#132],Integer,Object[#62]})
    full_frame(@658,{},{Object[#31],Object[#128],Null,Object[#130],Object[#130],Integer,Object[#37],Object[#37],Integer,Null,Object[#132],Object[#132],Integer,Object[#128]})
    full_frame(@661,{},{Object[#31],Object[#128],Null,Object[#130],Object[#130],Integer,Object[#37],Object[#37],Integer,Null,Object[#132],Object[#132],Integer,Object[#62]})
    full_frame(@746,{},{Object[#31],Object[#128],Null,Object[#130],Object[#130],Integer,Object[#37],Object[#37],Integer,Null,Object[#132],Object[#132],Integer,Object[#128]})
    full_frame(@749,{},{Object[#31],Object[#128],Null,Object[#130],Object[#130],Integer,Object[#37],Object[#37],Integer,Null,Object[#132],Object[#132],Integer,Object[#62]})
    full_frame(@798,{},{Object[#31],Object[#128],Null,Object[#130],Object[#130],Integer,Object[#37],Object[#37],Integer,Null,Object[#132],Object[#132],Integer,Object[#128]})
    full_frame(@801,{},{Object[#31],Object[#128],Null,Object[#130],Object[#130],Integer,Object[#37],Object[#37],Integer,Null,Object[#132],Object[#132],Integer,Object[#62]})

	at __ZenMain__.run(powerSystems\PowerStorage)
	at crafttweaker.runtime.CrTTweaker.loadScript(CrTTweaker.java:225)
	at crafttweaker.runtime.CrTTweaker.loadScript(CrTTweaker.java:105)
	at crafttweaker.mc1120.events.CommonEventHandler.registerRecipes(CommonEventHandler.java:73)
	at net.minecraftforge.fml.common.eventhandler.ASMEventHandler_487_CommonEventHandler_registerRecipes_Register.invoke(.dynamic)
	at net.minecraftforge.fml.common.eventhandler.ASMEventHandler.invoke(ASMEventHandler.java:90)
	at net.minecraftforge.fml.common.eventhandler.EventBus$1.invoke(EventBus.java:144)
	at net.minecraftforge.fml.common.eventhandler.EventBus.post(EventBus.java:182)
	at net.minecraftforge.registries.GameData.fireRegistryEvents(GameData.java:857)
	at net.minecraftforge.common.crafting.CraftingHelper.loadRecipes(CraftingHelper.java:636)
	at net.minecraftforge.fml.common.Loader.initializeMods(Loader.java:747)
	at net.minecraftforge.fml.client.FMLClientHandler.finishMinecraftLoading(FMLClientHandler.java:336)
	at net.minecraft.client.Minecraft.func_71384_a(Minecraft.java:535)
	at net.minecraft.client.Minecraft.func_99999_d(Minecraft.java:378)
	at net.minecraft.client.main.Main.main(SourceFile:123)
	at sun.reflect.NativeMethodAccessorImpl.invoke0(Native Method)
	at sun.reflect.NativeMethodAccessorImpl.invoke(NativeMethodAccessorImpl.java:62)
	at sun.reflect.DelegatingMethodAccessorImpl.invoke(DelegatingMethodAccessorImpl.java:43)
	at java.lang.reflect.Method.invoke(Method.java:497)
	at net.minecraft.launchwrapper.Launch.launch(Launch.java:135)
	at net.minecraft.launchwrapper.Launch.main(Launch.java:28)
[INITIALIZATION][CLIENT][INFO] [crafttweaker | SIDE_CLIENT]: Loading Script: {[0:crafttweaker]: powerSystems\powerTransport.zs}
[INITIALIZATION][CLIENT][ERROR] powerSystems\powerTransport.zs:7: Could not resolve <thermaldynamics : duct_0>
[INITIALIZATION][CLIENT][ERROR] powerSystems\powerTransport.zs:8: Could not resolve <thermaldynamics : duct_0>
[INITIALIZATION][CLIENT][ERROR] powerSystems\powerTransport.zs:8: Could not resolve <forestry : chipsets>
[INITIALIZATION][CLIENT][INFO] Initializing 'powerTransport.zs'...
[INITIALIZATION][CLIENT][ERROR] Cannot remove recipes for a null item!
[INITIALIZATION][CLIENT][ERROR] [crafttweaker]: Error executing {[0:crafttweaker]: powerSystems\powerTransport.zs}: null
java.lang.NullPointerException
	at powerSystems\PowerTransport.__script__(powerSystems\powerTransport.zs:8)
	at __ZenMain__.run(powerSystems\PowerTransport)
	at crafttweaker.runtime.CrTTweaker.loadScript(CrTTweaker.java:225)
	at crafttweaker.runtime.CrTTweaker.loadScript(CrTTweaker.java:105)
	at crafttweaker.mc1120.events.CommonEventHandler.registerRecipes(CommonEventHandler.java:73)
	at net.minecraftforge.fml.common.eventhandler.ASMEventHandler_487_CommonEventHandler_registerRecipes_Register.invoke(.dynamic)
	at net.minecraftforge.fml.common.eventhandler.ASMEventHandler.invoke(ASMEventHandler.java:90)
	at net.minecraftforge.fml.common.eventhandler.EventBus$1.invoke(EventBus.java:144)
	at net.minecraftforge.fml.common.eventhandler.EventBus.post(EventBus.java:182)
	at net.minecraftforge.registries.GameData.fireRegistryEvents(GameData.java:857)
	at net.minecraftforge.common.crafting.CraftingHelper.loadRecipes(CraftingHelper.java:636)
	at net.minecraftforge.fml.common.Loader.initializeMods(Loader.java:747)
	at net.minecraftforge.fml.client.FMLClientHandler.finishMinecraftLoading(FMLClientHandler.java:336)
	at net.minecraft.client.Minecraft.func_71384_a(Minecraft.java:535)
	at net.minecraft.client.Minecraft.func_99999_d(Minecraft.java:378)
	at net.minecraft.client.main.Main.main(SourceFile:123)
	at sun.reflect.NativeMethodAccessorImpl.invoke0(Native Method)
	at sun.reflect.NativeMethodAccessorImpl.invoke(NativeMethodAccessorImpl.java:62)
	at sun.reflect.DelegatingMethodAccessorImpl.invoke(DelegatingMethodAccessorImpl.java:43)
	at java.lang.reflect.Method.invoke(Method.java:497)
	at net.minecraft.launchwrapper.Launch.launch(Launch.java:135)
	at net.minecraft.launchwrapper.Launch.main(Launch.java:28)
[INITIALIZATION][CLIENT][INFO] [crafttweaker | SIDE_CLIENT]: Loading Script: {[0:crafttweaker]: recipes.zs}
[INITIALIZATION][CLIENT][INFO] [crafttweaker | SIDE_CLIENT]: Loading Script: {[0:crafttweaker]: storageDrawers.zs}
[INITIALIZATION][CLIENT][INFO] Initializing 'storageDrawers.zs'...
[INITIALIZATION][CLIENT][INFO] Initialized 'storageDrawers.zs'
[INITIALIZATION][CLIENT][INFO] [crafttweaker | SIDE_CLIENT]: Loading Script: {[0:crafttweaker]: Tinker.zs}
[INITIALIZATION][CLIENT][INFO] [crafttweaker | SIDE_CLIENT]: Loading Script: {[0:crafttweaker]: tinkersConstruct.zs}
[INITIALIZATION][CLIENT][INFO] Initializing 'tinkersConstruct.zs'...
[INITIALIZATION][CLIENT][INFO] Initialized 'tinkersConstruct.zs'
[INITIALIZATION][CLIENT][INFO] Completed script loading in: 473ms
[POSTINITIALIZATION][CLIENT][INFO] Removing recipes for various outputs
[POSTINITIALIZATION][CLIENT][ERROR] Error while applying actions
java.lang.NullPointerException
	at crafttweaker.mc1120.recipes.MCRecipeManager$ActionRemoveRecipesNoIngredients.matches(MCRecipeManager.java:632)
	at crafttweaker.mc1120.recipes.MCRecipeManager$ActionRemoveRecipesNoIngredients.apply(MCRecipeManager.java:620)
	at crafttweaker.runtime.CrTTweaker.apply(CrTTweaker.java:61)
	at crafttweaker.CraftTweakerAPI.apply(CraftTweakerAPI.java:149)
	at crafttweaker.mc1120.CraftTweaker.onPostInit(CraftTweaker.java:159)
	at sun.reflect.NativeMethodAccessorImpl.invoke0(Native Method)
	at sun.reflect.NativeMethodAccessorImpl.invoke(NativeMethodAccessorImpl.java:62)
	at sun.reflect.DelegatingMethodAccessorImpl.invoke(DelegatingMethodAccessorImpl.java:43)
	at java.lang.reflect.Method.invoke(Method.java:497)
	at net.minecraftforge.fml.common.FMLModContainer.handleModStateEvent(FMLModContainer.java:637)
	at sun.reflect.GeneratedMethodAccessor3.invoke(Unknown Source)
	at sun.reflect.DelegatingMethodAccessorImpl.invoke(DelegatingMethodAccessorImpl.java:43)
	at java.lang.reflect.Method.invoke(Method.java:497)
	at com.google.common.eventbus.Subscriber.invokeSubscriberMethod(Subscriber.java:91)
	at com.google.common.eventbus.Subscriber$SynchronizedSubscriber.invokeSubscriberMethod(Subscriber.java:150)
	at com.google.common.eventbus.Subscriber$1.run(Subscriber.java:76)
	at com.google.common.util.concurrent.MoreExecutors$DirectExecutor.execute(MoreExecutors.java:399)
	at com.google.common.eventbus.Subscriber.dispatchEvent(Subscriber.java:71)
	at com.google.common.eventbus.Dispatcher$PerThreadQueuedDispatcher.dispatch(Dispatcher.java:116)
	at com.google.common.eventbus.EventBus.post(EventBus.java:217)
	at net.minecraftforge.fml.common.LoadController.sendEventToModContainer(LoadController.java:219)
	at net.minecraftforge.fml.common.LoadController.propogateStateMessage(LoadController.java:197)
	at sun.reflect.NativeMethodAccessorImpl.invoke0(Native Method)
	at sun.reflect.NativeMethodAccessorImpl.invoke(NativeMethodAccessorImpl.java:62)
	at sun.reflect.DelegatingMethodAccessorImpl.invoke(DelegatingMethodAccessorImpl.java:43)
	at java.lang.reflect.Method.invoke(Method.java:497)
	at com.google.common.eventbus.Subscriber.invokeSubscriberMethod(Subscriber.java:91)
	at com.google.common.eventbus.Subscriber$SynchronizedSubscriber.invokeSubscriberMethod(Subscriber.java:150)
	at com.google.common.eventbus.Subscriber$1.run(Subscriber.java:76)
	at com.google.common.util.concurrent.MoreExecutors$DirectExecutor.execute(MoreExecutors.java:399)
	at com.google.common.eventbus.Subscriber.dispatchEvent(Subscriber.java:71)
	at com.google.common.eventbus.Dispatcher$PerThreadQueuedDispatcher.dispatch(Dispatcher.java:116)
	at com.google.common.eventbus.EventBus.post(EventBus.java:217)
	at net.minecraftforge.fml.common.LoadController.distributeStateMessage(LoadController.java:136)
	at net.minecraftforge.fml.common.Loader.initializeMods(Loader.java:754)
	at net.minecraftforge.fml.client.FMLClientHandler.finishMinecraftLoading(FMLClientHandler.java:336)
	at net.minecraft.client.Minecraft.func_71384_a(Minecraft.java:535)
	at net.minecraft.client.Minecraft.func_99999_d(Minecraft.java:378)
	at net.minecraft.client.main.Main.main(SourceFile:123)
	at sun.reflect.NativeMethodAccessorImpl.invoke0(Native Method)
	at sun.reflect.NativeMethodAccessorImpl.invoke(NativeMethodAccessorImpl.java:62)
	at sun.reflect.DelegatingMethodAccessorImpl.invoke(DelegatingMethodAccessorImpl.java:43)
	at java.lang.reflect.Method.invoke(Method.java:497)
	at net.minecraft.launchwrapper.Launch.launch(Launch.java:135)
	at net.minecraft.launchwrapper.Launch.main(Launch.java:28)
[POSTINITIALIZATION][CLIENT][INFO] Added 4 EFab recipes
[AVAILABLE][CLIENT][INFO] Hiding item in JEI: <harvestcraft:hardenedleatherhelmitem>
[AVAILABLE][CLIENT][INFO] Hiding item in JEI: <harvestcraft:hardenedleatherchestitem>
[AVAILABLE][CLIENT][INFO] Hiding item in JEI: <harvestcraft:hardenedleatherleggingsitem>
[AVAILABLE][CLIENT][INFO] Hiding item in JEI: <harvestcraft:hardenedleatherbootsitem>
[AVAILABLE][CLIENT][INFO] Hiding item in JEI: <extrautils2:teleporter:1>
[AVAILABLE][CLIENT][INFO] Hiding item in JEI: <ironchest:diamond_obsidian_chest_upgrade>
[AVAILABLE][CLIENT][INFO] Hiding item in JEI: <ironchest:diamond_obsidian_chest_upgrade>
[AVAILABLE][CLIENT][INFO] Hiding item in JEI: <ironchest:wood_copper_chest_upgrade>
[AVAILABLE][CLIENT][INFO] Hiding item in JEI: <ironchest:wood_iron_chest_upgrade>
[AVAILABLE][CLIENT][INFO] Hiding item in JEI: <ironchest:diamond_crystal_chest_upgrade>
[AVAILABLE][CLIENT][INFO] Hiding item in JEI: <ironchest:copper_iron_chest_upgrade>
[AVAILABLE][CLIENT][INFO] Hiding item in JEI: <ironchest:silver_gold_chest_upgrade>
[AVAILABLE][CLIENT][INFO] Hiding item in JEI: <ironchest:copper_silver_chest_upgrade>
[AVAILABLE][CLIENT][INFO] Hiding item in JEI: <ironchest:gold_diamond_chest_upgrade>
[AVAILABLE][CLIENT][INFO] Hiding item in JEI: <ironchest:iron_gold_chest_upgrade>
[AVAILABLE][CLIENT][INFO] Hiding item in JEI: <tconstruct:slime_boots>
[AVAILABLE][CLIENT][INFO] Hiding item in JEI: <tconstruct:slime_boots:1>
[AVAILABLE][CLIENT][INFO] Hiding item in JEI: <tconstruct:slime_boots:2>
[AVAILABLE][CLIENT][INFO] Hiding item in JEI: <tconstruct:slime_boots:3>
[AVAILABLE][CLIENT][INFO] Hiding item in JEI: <tconstruct:slime_boots:4>
[AVAILABLE][CLIENT][INFO] Fixed the RecipeBook
[SERVER_STARTED][CLIENT][INFO] Hiding item in JEI: <harvestcraft:hardenedleatherhelmitem>
[SERVER_STARTED][CLIENT][INFO] Hiding item in JEI: <harvestcraft:hardenedleatherchestitem>
[SERVER_STARTED][CLIENT][INFO] Hiding item in JEI: <harvestcraft:hardenedleatherleggingsitem>
[SERVER_STARTED][CLIENT][INFO] Hiding item in JEI: <harvestcraft:hardenedleatherbootsitem>
[SERVER_STARTED][CLIENT][INFO] Hiding item in JEI: <extrautils2:teleporter:1>
[SERVER_STARTED][CLIENT][INFO] Hiding item in JEI: <ironchest:diamond_obsidian_chest_upgrade>
[SERVER_STARTED][CLIENT][INFO] Hiding item in JEI: <ironchest:diamond_obsidian_chest_upgrade>
[SERVER_STARTED][CLIENT][INFO] Hiding item in JEI: <ironchest:wood_copper_chest_upgrade>
[SERVER_STARTED][CLIENT][INFO] Hiding item in JEI: <ironchest:wood_iron_chest_upgrade>
[SERVER_STARTED][CLIENT][INFO] Hiding item in JEI: <ironchest:diamond_crystal_chest_upgrade>
[SERVER_STARTED][CLIENT][INFO] Hiding item in JEI: <ironchest:copper_iron_chest_upgrade>
[SERVER_STARTED][CLIENT][INFO] Hiding item in JEI: <ironchest:silver_gold_chest_upgrade>
[SERVER_STARTED][CLIENT][INFO] Hiding item in JEI: <ironchest:copper_silver_chest_upgrade>
[SERVER_STARTED][CLIENT][INFO] Hiding item in JEI: <ironchest:gold_diamond_chest_upgrade>
[SERVER_STARTED][CLIENT][INFO] Hiding item in JEI: <ironchest:iron_gold_chest_upgrade>
[SERVER_STARTED][CLIENT][INFO] Hiding item in JEI: <tconstruct:slime_boots>
[SERVER_STARTED][CLIENT][INFO] Hiding item in JEI: <tconstruct:slime_boots:1>
[SERVER_STARTED][CLIENT][INFO] Hiding item in JEI: <tconstruct:slime_boots:2>
[SERVER_STARTED][CLIENT][INFO] Hiding item in JEI: <tconstruct:slime_boots:3>
[SERVER_STARTED][CLIENT][INFO] Hiding item in JEI: <tconstruct:slime_boots:4>
[SERVER_STARTED][CLIENT][INFO] Hiding item in JEI: <harvestcraft:hardenedleatherhelmitem>
[SERVER_STARTED][CLIENT][INFO] Hiding item in JEI: <harvestcraft:hardenedleatherchestitem>
[SERVER_STARTED][CLIENT][INFO] Hiding item in JEI: <harvestcraft:hardenedleatherleggingsitem>
[SERVER_STARTED][CLIENT][INFO] Hiding item in JEI: <harvestcraft:hardenedleatherbootsitem>
[SERVER_STARTED][CLIENT][INFO] Hiding item in JEI: <extrautils2:teleporter:1>
[SERVER_STARTED][CLIENT][INFO] Hiding item in JEI: <ironchest:diamond_obsidian_chest_upgrade>
[SERVER_STARTED][CLIENT][INFO] Hiding item in JEI: <ironchest:diamond_obsidian_chest_upgrade>
[SERVER_STARTED][CLIENT][INFO] Hiding item in JEI: <ironchest:wood_copper_chest_upgrade>
[SERVER_STARTED][CLIENT][INFO] Hiding item in JEI: <ironchest:wood_iron_chest_upgrade>
[SERVER_STARTED][CLIENT][INFO] Hiding item in JEI: <ironchest:diamond_crystal_chest_upgrade>
[SERVER_STARTED][CLIENT][INFO] Hiding item in JEI: <ironchest:copper_iron_chest_upgrade>
[SERVER_STARTED][CLIENT][INFO] Hiding item in JEI: <ironchest:silver_gold_chest_upgrade>
[SERVER_STARTED][CLIENT][INFO] Hiding item in JEI: <ironchest:copper_silver_chest_upgrade>
[SERVER_STARTED][CLIENT][INFO] Hiding item in JEI: <ironchest:gold_diamond_chest_upgrade>
[SERVER_STARTED][CLIENT][INFO] Hiding item in JEI: <ironchest:iron_gold_chest_upgrade>
[SERVER_STARTED][CLIENT][INFO] Hiding item in JEI: <tconstruct:slime_boots>
[SERVER_STARTED][CLIENT][INFO] Hiding item in JEI: <tconstruct:slime_boots:1>
[SERVER_STARTED][CLIENT][INFO] Hiding item in JEI: <tconstruct:slime_boots:2>
[SERVER_STARTED][CLIENT][INFO] Hiding item in JEI: <tconstruct:slime_boots:3>
[SERVER_STARTED][CLIENT][INFO] Hiding item in JEI: <tconstruct:slime_boots:4>
